<?xml version="1.0" encoding="UTF-8"?>
<!-- Generated by org.testng.reporters.JUnitReportReporter -->
<testsuite hostname="Portmytech-pc-2" failures="0" tests="1" name="com.Test.searchPageTest" time="38.198" errors="0" timestamp="19 Aug 2020 07:18:42 GMT" skipped="0">
  <testcase classname="com.Test.searchPageTest" name="setSearchTextTest" time="38.198"/>
</testsuite> <!-- com.Test.searchPageTest -->
