<?xml version="1.0" encoding="UTF-8"?>
<!-- Generated by org.testng.reporters.JUnitReportReporter -->
<testsuite hostname="Portmytech-pc-2" failures="0" tests="1" name="com.Test.secondSearchPageTest" time="264.779" errors="0" timestamp="19 Aug 2020 16:57:22 GMT" skipped="0">
  <testcase classname="com.Test.secondSearchPageTest" name="cryptasignInTest" time="264.779"/>
</testsuite> <!-- com.Test.secondSearchPageTest -->
