<?xml version="1.0" encoding="UTF-8"?>
<!-- Generated by org.testng.reporters.JUnitReportReporter -->
<testsuite hostname="Portmytech-pc-2" failures="0" tests="1" name="com.Test.secondSearchPageTest" time="39.411" errors="0" timestamp="19 Aug 2020 11:25:19 GMT" skipped="0">
  <testcase classname="com.Test.secondSearchPageTest" name="cryptasignInTest" time="39.411"/>
</testsuite> <!-- com.Test.secondSearchPageTest -->
