<?xml version="1.0" encoding="UTF-8"?>
<!-- Generated by org.testng.reporters.JUnitReportReporter -->
<testsuite hostname="Portmytech-pc-2" failures="0" tests="1" name="com.Test.searchPageTest" time="22.310" errors="0" timestamp="2020-08-20T09:37:47 IST" skipped="0">
  <testcase classname="com.Test.searchPageTest" name="setSearchTextTest" time="22.310"/>
  <system-out/>
</testsuite> <!-- com.Test.searchPageTest -->
